<component name="libraryTable">
  <library name="junit-4.12">
    <CLASSES>
      <root url="jar://$PROJECT_DIR$/external/junit-4.12.jar!/" />
      <root url="jar://$PROJECT_DIR$/external/hamcrest-core-1.3.jar!/" />
      <root url="jar://$PROJECT_DIR$/external/hamcrest-library-1.3.jar!/" />
    </CLASSES>
    <JAVADOC>
      <root url="jar://$PROJECT_DIR$/external/junit-4.12-javadoc.jar!/" />
    </JAVADOC>
    <SOURCES />
  </library>
</component>